<?xml version="1.0" encoding="UTF-8"?>
<testng-results skipped="0" failed="0" total="1" passed="1">
  <reporter-output>
  </reporter-output>
  <suite name="Suite" duration-ms="16" started-at="2017-08-24T14:56:28Z" finished-at="2017-08-24T14:56:28Z">
    <groups>
    </groups>
    <test name="Test" duration-ms="16" started-at="2017-08-24T14:56:28Z" finished-at="2017-08-24T14:56:28Z">
      <class name="Qst1.Demo">
        <test-method status="PASS" signature="checkJenkins()[pri:0, instance:Qst1.Demo@96532d6]" name="checkJenkins" duration-ms="7" started-at="2017-08-24T20:26:28Z" finished-at="2017-08-24T20:26:28Z">
          <reporter-output>
          </reporter-output>
        </test-method> <!-- checkJenkins -->
      </class> <!-- Qst1.Demo -->
    </test> <!-- Test -->
  </suite> <!-- Suite -->
</testng-results>
